<?xml version="1.0" encoding="UTF-8"?>
<testng-results ignored="0" total="1" passed="1" failed="0" skipped="0">
  <reporter-output>
  </reporter-output>
  <suite started-at="2023-04-05T12:03:15 IST" name="Default suite" finished-at="2023-04-05T12:03:34 IST" duration-ms="18517">
    <groups>
    </groups>
    <test started-at="2023-04-05T12:03:15 IST" name="Default test" finished-at="2023-04-05T12:03:34 IST" duration-ms="18517">
      <class name="com.mohs10.scripts.HomeTest">
        <test-method is-config="true" signature="generateReport()[pri:0, instance:com.mohs10.scripts.HomeTest@441772e]" started-at="2023-04-05T12:03:15 IST" name="generateReport" finished-at="2023-04-05T12:03:16 IST" duration-ms="378" status="PASS">
          <reporter-output>
          </reporter-output>
        </test-method> <!-- generateReport -->
        <test-method is-config="true" signature="beforeClass()[pri:0, instance:com.mohs10.scripts.HomeTest@441772e]" started-at="2023-04-05T12:03:16 IST" name="beforeClass" finished-at="2023-04-05T12:03:19 IST" duration-ms="3447" status="PASS">
          <reporter-output>
          </reporter-output>
        </test-method> <!-- beforeClass -->
        <test-method is-config="true" signature="methodName(java.lang.reflect.Method)[pri:0, instance:com.mohs10.scripts.HomeTest@441772e]" started-at="2023-04-05T12:03:19 IST" name="methodName" finished-at="2023-04-05T12:03:19 IST" duration-ms="46" status="PASS">
          <params>
            <param index="0">
              <value>
                <![CDATA[public void com.mohs10.scripts.HomeTest.CategoriesTest() throws java.lang.Exception]]>
              </value>
            </param>
          </params>
          <reporter-output>
          </reporter-output>
        </test-method> <!-- methodName -->
        <test-method signature="CategoriesTest()[pri:0, instance:com.mohs10.scripts.HomeTest@441772e]" started-at="2023-04-05T12:03:19 IST" name="CategoriesTest" finished-at="2023-04-05T12:03:33 IST" duration-ms="13444" status="PASS">
          <reporter-output>
          </reporter-output>
        </test-method> <!-- CategoriesTest -->
        <test-method is-config="true" signature="afterClass()[pri:0, instance:com.mohs10.scripts.HomeTest@441772e]" started-at="2023-04-05T12:03:33 IST" name="afterClass" finished-at="2023-04-05T12:03:34 IST" duration-ms="1105" status="PASS">
          <reporter-output>
          </reporter-output>
        </test-method> <!-- afterClass -->
      </class> <!-- com.mohs10.scripts.HomeTest -->
    </test> <!-- Default test -->
  </suite> <!-- Default suite -->
</testng-results>
